[2021-11-16 13:36:23] local.ERROR: SQLSTATE[HY000] [2002] Connection refused (SQL: select count(*) as aggregate from `users` where `email` = client@gmail.comm and (`is_active` = 1)) {"exception":"[object] (Illuminate\\Database\\QueryException(code: 2002): SQLSTATE[HY000] [2002] Connection refused (SQL: select count(*) as aggregate from `users` where `email` = client@gmail.comm and (`is_active` = 1)) at /home/thethethoughtfactory/Desktop/RMS-2-11-21/vendor/laravel/framework/src/Illuminate/Database/Connection.php:678)
[stacktrace]
#0 /home/thethethoughtfactory/Desktop/RMS-2-11-21/vendor/laravel/framework/src/Illuminate/Database/Connection.php(752): Illuminate\\Database\\Connection->runQueryCallback('select count(*)...', Array, Object(Closure))
#1 /home/thethethoughtfactory/Desktop/RMS-2-11-21/vendor/laravel/framework/src/Illuminate/Database/Connection.php(732): Illuminate\\Database\\Connection->tryAgainIfCausedByLostConnection(Object(Illuminate\\Database\\QueryException), 'select count(*)...', Array, Object(Closure))
#2 /home/thethethoughtfactory/Desktop/RMS-2-11-21/vendor/laravel/framework/src/Illuminate/Database/Connection.php(641): Illuminate\\Database\\Connection->handleQueryException(Object(Illuminate\\Database\\QueryException), 'select count(*)...', Array, Object(Closure))
#3 /home/thethethoughtfactory/Desktop/RMS-2-11-21/vendor/laravel/framework/src/Illuminate/Database/Connection.php(346): Illuminate\\Database\\Connection->run('select count(*)...', Array, Object(Closure))
#4 /home/thethethoughtfactory/Desktop/RMS-2-11-21/vendor/laravel/framework/src/Illuminate/Database/Query/Builder.php(2313): Illuminate\\Database\\Connection->select('select count(*)...', Array, false)
#5 /home/thethethoughtfactory/Desktop/RMS-2-11-21/vendor/laravel/framework/src/Illuminate/Database/Query/Builder.php(2301): Illuminate\\Database\\Query\\Builder->runSelect()
#6 /home/thethethoughtfactory/Desktop/RMS-2-11-21/vendor/laravel/framework/src/Illuminate/Database/Query/Builder.php(2796): Illuminate\\Database\\Query\\Builder->Illuminate\\Database\\Query\\{closure}()
#7 /home/thethethoughtfactory/Desktop/RMS-2-11-21/vendor/laravel/framework/src/Illuminate/Database/Query/Builder.php(2302): Illuminate\\Database\\Query\\Builder->onceWithColumns(Array, Object(Closure))
#8 /home/thethethoughtfactory/Desktop/RMS-2-11-21/vendor/laravel/framework/src/Illuminate/Database/Query/Builder.php(2723): Illuminate\\Database\\Query\\Builder->get(Array)
#9 /home/thethethoughtfactory/Desktop/RMS-2-11-21/vendor/laravel/framework/src/Illuminate/Database/Query/Builder.php(2651): Illuminate\\Database\\Query\\Builder->aggregate('count', Array)
#10 /home/thethethoughtfactory/Desktop/RMS-2-11-21/vendor/laravel/framework/src/Illuminate/Validation/DatabasePresenceVerifier.php(55): Illuminate\\Database\\Query\\Builder->count()
#11 /home/thethethoughtfactory/Desktop/RMS-2-11-21/vendor/laravel/framework/src/Illuminate/Validation/Concerns/ValidatesAttributes.php(691): Illuminate\\Validation\\DatabasePresenceVerifier->getCount('users', 'email', 'client@gmail.co...', NULL, NULL, Array)
#12 /home/thethethoughtfactory/Desktop/RMS-2-11-21/vendor/laravel/framework/src/Illuminate/Validation/Concerns/ValidatesAttributes.php(663): Illuminate\\Validation\\Validator->getExistCount(NULL, 'users', 'email', 'client@gmail.co...', Array)
#13 /home/thethethoughtfactory/Desktop/RMS-2-11-21/vendor/laravel/framework/src/Illuminate/Validation/Validator.php(567): Illuminate\\Validation\\Validator->validateExists('email', 'client@gmail.co...', Array, Object(Illuminate\\Validation\\Validator))
#14 /home/thethethoughtfactory/Desktop/RMS-2-11-21/vendor/laravel/framework/src/Illuminate/Validation/Validator.php(390): Illuminate\\Validation\\Validator->validateAttribute('email', 'Exists')
#15 /home/thethethoughtfactory/Desktop/RMS-2-11-21/vendor/laravel/framework/src/Illuminate/Validation/Validator.php(421): Illuminate\\Validation\\Validator->passes()
#16 /home/thethethoughtfactory/Desktop/RMS-2-11-21/vendor/laravel/framework/src/Illuminate/Validation/Validator.php(464): Illuminate\\Validation\\Validator->fails()
#17 /home/thethethoughtfactory/Desktop/RMS-2-11-21/vendor/laravel/framework/src/Illuminate/Validation/Factory.php(136): Illuminate\\Validation\\Validator->validate()
#18 /home/thethethoughtfactory/Desktop/RMS-2-11-21/vendor/laravel/framework/src/Illuminate/Foundation/Providers/FoundationServiceProvider.php(60): Illuminate\\Validation\\Factory->validate(Array, Array)
#19 /home/thethethoughtfactory/Desktop/RMS-2-11-21/vendor/laravel/framework/src/Illuminate/Macroable/Traits/Macroable.php(114): Illuminate\\Http\\Request->Illuminate\\Foundation\\Providers\\{closure}(Array)
#20 /home/thethethoughtfactory/Desktop/RMS-2-11-21/vendor/laravel/ui/auth-backend/AuthenticatesUsers.php(79): Illuminate\\Http\\Request->__call('validate', Array)
#21 /home/thethethoughtfactory/Desktop/RMS-2-11-21/vendor/laravel/ui/auth-backend/AuthenticatesUsers.php(38): App\\Http\\Controllers\\Auth\\LoginController->validateLogin(Object(Illuminate\\Http\\Request))
#22 /home/thethethoughtfactory/Desktop/RMS-2-11-21/vendor/laravel/framework/src/Illuminate/Routing/Controller.php(54): App\\Http\\Controllers\\Auth\\LoginController->login(Object(Illuminate\\Http\\Request))
#23 /home/thethethoughtfactory/Desktop/RMS-2-11-21/vendor/laravel/framework/src/Illuminate/Routing/ControllerDispatcher.php(45): Illuminate\\Routing\\Controller->callAction('login', Array)
#24 /home/thethethoughtfactory/Desktop/RMS-2-11-21/vendor/laravel/framework/src/Illuminate/Routing/Route.php(254): Illuminate\\Routing\\ControllerDispatcher->dispatch(Object(Illuminate\\Routing\\Route), Object(App\\Http\\Controllers\\Auth\\LoginController), 'login')
#25 /home/thethethoughtfactory/Desktop/RMS-2-11-21/vendor/laravel/framework/src/Illuminate/Routing/Route.php(197): Illuminate\\Routing\\Route->runController()
#26 /home/thethethoughtfactory/Desktop/RMS-2-11-21/vendor/laravel/framework/src/Illuminate/Routing/Router.php(693): Illuminate\\Routing\\Route->run()
#27 /home/thethethoughtfactory/Desktop/RMS-2-11-21/vendor/laravel/framework/src/Illuminate/Pipeline/Pipeline.php(128): Illuminate\\Routing\\Router->Illuminate\\Routing\\{closure}(Object(Illuminate\\Http\\Request))
#28 /home/thethethoughtfactory/Desktop/RMS-2-11-21/app/Http/Middleware/RedirectIfAuthenticated.php(25): Illuminate\\Pipeline\\Pipeline->Illuminate\\Pipeline\\{closure}(Object(Illuminate\\Http\\Request))
#29 /home/thethethoughtfactory/Desktop/RMS-2-11-21/vendor/laravel/framework/src/Illuminate/Pipeline/Pipeline.php(167): App\\Http\\Middleware\\RedirectIfAuthenticated->handle(Object(Illuminate\\Http\\Request), Object(Closure))
#30 /home/thethethoughtfactory/Desktop/RMS-2-11-21/vendor/laravel/framework/src/Illuminate/Routing/Middleware/SubstituteBindings.php(50): Illuminate\\Pipeline\\Pipeline->Illuminate\\Pipeline\\{closure}(Object(Illuminate\\Http\\Request))
#31 /home/thethethoughtfactory/Desktop/RMS-2-11-21/vendor/laravel/framework/src/Illuminate/Pipeline/Pipeline.php(167): Illuminate\\Routing\\Middleware\\SubstituteBindings->handle(Object(Illuminate\\Http\\Request), Object(Closure))
#32 /home/thethethoughtfactory/Desktop/RMS-2-11-21/vendor/laravel/framework/src/Illuminate/Foundation/Http/Middleware/VerifyCsrfToken.php(78): Illuminate\\Pipeline\\Pipeline->Illuminate\\Pipeline\\{closure}(Object(Illuminate\\Http\\Request))
#33 /home/thethethoughtfactory/Desktop/RMS-2-11-21/vendor/laravel/framework/src/Illuminate/Pipeline/Pipeline.php(167): Illuminate\\Foundation\\Http\\Middleware\\VerifyCsrfToken->handle(Object(Illuminate\\Http\\Request), Object(Closure))
#34 /home/thethethoughtfactory/Desktop/RMS-2-11-21/vendor/laravel/framework/src/Illuminate/View/Middleware/ShareErrorsFromSession.php(49): Illuminate\\Pipeline\\Pipeline->Illuminate\\Pipeline\\{closure}(Object(Illuminate\\Http\\Request))
#35 /home/thethethoughtfactory/Desktop/RMS-2-11-21/vendor/laravel/framework/src/Illuminate/Pipeline/Pipeline.php(167): Illuminate\\View\\Middleware\\ShareErrorsFromSession->handle(Object(Illuminate\\Http\\Request), Object(Closure))
#36 /home/thethethoughtfactory/Desktop/RMS-2-11-21/vendor/laravel/framework/src/Illuminate/Session/Middleware/StartSession.php(121): Illuminate\\Pipeline\\Pipeline->Illuminate\\Pipeline\\{closure}(Object(Illuminate\\Http\\Request))
#37 /home/thethethoughtfactory/Desktop/RMS-2-11-21/vendor/laravel/framework/src/Illuminate/Session/Middleware/StartSession.php(63): Illuminate\\Session\\Middleware\\StartSession->handleStatefulRequest(Object(Illuminate\\Http\\Request), Object(Illuminate\\Session\\Store), Object(Closure))
#38 /home/thethethoughtfactory/Desktop/RMS-2-11-21/vendor/laravel/framework/src/Illuminate/Pipeline/Pipeline.php(167): Illuminate\\Session\\Middleware\\StartSession->handle(Object(Illuminate\\Http\\Request), Object(Closure))
#39 /home/thethethoughtfactory/Desktop/RMS-2-11-21/vendor/laravel/framework/src/Illuminate/Cookie/Middleware/AddQueuedCookiesToResponse.php(37): Illuminate\\Pipeline\\Pipeline->Illuminate\\Pipeline\\{closure}(Object(Illuminate\\Http\\Request))
#40 /home/thethethoughtfactory/Desktop/RMS-2-11-21/vendor/laravel/framework/src/Illuminate/Pipeline/Pipeline.php(167): Illuminate\\Cookie\\Middleware\\AddQueuedCookiesToResponse->handle(Object(Illuminate\\Http\\Request), Object(Closure))
#41 /home/thethethoughtfactory/Desktop/RMS-2-11-21/vendor/laravel/framework/src/Illuminate/Cookie/Middleware/EncryptCookies.php(67): Illuminate\\Pipeline\\Pipeline->Illuminate\\Pipeline\\{closure}(Object(Illuminate\\Http\\Request))
#42 /home/thethethoughtfactory/Desktop/RMS-2-11-21/vendor/laravel/framework/src/Illuminate/Pipeline/Pipeline.php(167): Illuminate\\Cookie\\Middleware\\EncryptCookies->handle(Object(Illuminate\\Http\\Request), Object(Closure))
#43 /home/thethethoughtfactory/Desktop/RMS-2-11-21/vendor/laravel/framework/src/Illuminate/Pipeline/Pipeline.php(103): Illuminate\\Pipeline\\Pipeline->Illuminate\\Pipeline\\{closure}(Object(Illuminate\\Http\\Request))
#44 /home/thethethoughtfactory/Desktop/RMS-2-11-21/vendor/laravel/framework/src/Illuminate/Routing/Router.php(695): Illuminate\\Pipeline\\Pipeline->then(Object(Closure))
#45 /home/thethethoughtfactory/Desktop/RMS-2-11-21/vendor/laravel/framework/src/Illuminate/Routing/Router.php(670): Illuminate\\Routing\\Router->runRouteWithinStack(Object(Illuminate\\Routing\\Route), Object(Illuminate\\Http\\Request))
#46 /home/thethethoughtfactory/Desktop/RMS-2-11-21/vendor/laravel/framework/src/Illuminate/Routing/Router.php(636): Illuminate\\Routing\\Router->runRoute(Object(Illuminate\\Http\\Request), Object(Illuminate\\Routing\\Route))
#47 /home/thethethoughtfactory/Desktop/RMS-2-11-21/vendor/laravel/framework/src/Illuminate/Routing/Router.php(625): Illuminate\\Routing\\Router->dispatchToRoute(Object(Illuminate\\Http\\Request))
#48 /home/thethethoughtfactory/Desktop/RMS-2-11-21/vendor/laravel/framework/src/Illuminate/Foundation/Http/Kernel.php(166): Illuminate\\Routing\\Router->dispatch(Object(Illuminate\\Http\\Request))
#49 /home/thethethoughtfactory/Desktop/RMS-2-11-21/vendor/laravel/framework/src/Illuminate/Pipeline/Pipeline.php(128): Illuminate\\Foundation\\Http\\Kernel->Illuminate\\Foundation\\Http\\{closure}(Object(Illuminate\\Http\\Request))
#50 /home/thethethoughtfactory/Desktop/RMS-2-11-21/app/Http/Middleware/Cors.php(19): Illuminate\\Pipeline\\Pipeline->Illuminate\\Pipeline\\{closure}(Object(Illuminate\\Http\\Request))
#51 /home/thethethoughtfactory/Desktop/RMS-2-11-21/vendor/laravel/framework/src/Illuminate/Pipeline/Pipeline.php(167): App\\Http\\Middleware\\Cors->handle(Object(Illuminate\\Http\\Request), Object(Closure))
#52 /home/thethethoughtfactory/Desktop/RMS-2-11-21/app/Http/Middleware/ForceJsonResponse.php(26): Illuminate\\Pipeline\\Pipeline->Illuminate\\Pipeline\\{closure}(Object(Illuminate\\Http\\Request))
#53 /home/thethethoughtfactory/Desktop/RMS-2-11-21/vendor/laravel/framework/src/Illuminate/Pipeline/Pipeline.php(167): App\\Http\\Middleware\\ForceJsonResponse->handle(Object(Illuminate\\Http\\Request), Object(Closure))
#54 /home/thethethoughtfactory/Desktop/RMS-2-11-21/vendor/fideloper/proxy/src/TrustProxies.php(57): Illuminate\\Pipeline\\Pipeline->Illuminate\\Pipeline\\{closure}(Object(Illuminate\\Http\\Request))
#55 /home/thethethoughtfactory/Desktop/RMS-2-11-21/vendor/laravel/framework/src/Illuminate/Pipeline/Pipeline.php(167): Fideloper\\Proxy\\TrustProxies->handle(Object(Illuminate\\Http\\Request), Object(Closure))
#56 /home/thethethoughtfactory/Desktop/RMS-2-11-21/vendor/laravel/framework/src/Illuminate/Foundation/Http/Middleware/TransformsRequest.php(21): Illuminate\\Pipeline\\Pipeline->Illuminate\\Pipeline\\{closure}(Object(Illuminate\\Http\\Request))
#57 /home/thethethoughtfactory/Desktop/RMS-2-11-21/vendor/laravel/framework/src/Illuminate/Pipeline/Pipeline.php(167): Illuminate\\Foundation\\Http\\Middleware\\TransformsRequest->handle(Object(Illuminate\\Http\\Request), Object(Closure))
#58 /home/thethethoughtfactory/Desktop/RMS-2-11-21/vendor/laravel/framework/src/Illuminate/Foundation/Http/Middleware/TransformsRequest.php(21): Illuminate\\Pipeline\\Pipeline->Illuminate\\Pipeline\\{closure}(Object(Illuminate\\Http\\Request))
#59 /home/thethethoughtfactory/Desktop/RMS-2-11-21/vendor/laravel/framework/src/Illuminate/Pipeline/Pipeline.php(167): Illuminate\\Foundation\\Http\\Middleware\\TransformsRequest->handle(Object(Illuminate\\Http\\Request), Object(Closure))
#60 /home/thethethoughtfactory/Desktop/RMS-2-11-21/vendor/laravel/framework/src/Illuminate/Foundation/Http/Middleware/ValidatePostSize.php(27): Illuminate\\Pipeline\\Pipeline->Illuminate\\Pipeline\\{closure}(Object(Illuminate\\Http\\Request))
#61 /home/thethethoughtfactory/Desktop/RMS-2-11-21/vendor/laravel/framework/src/Illuminate/Pipeline/Pipeline.php(167): Illuminate\\Foundation\\Http\\Middleware\\ValidatePostSize->handle(Object(Illuminate\\Http\\Request), Object(Closure))
#62 /home/thethethoughtfactory/Desktop/RMS-2-11-21/vendor/laravel/framework/src/Illuminate/Foundation/Http/Middleware/PreventRequestsDuringMaintenance.php(86): Illuminate\\Pipeline\\Pipeline->Illuminate\\Pipeline\\{closure}(Object(Illuminate\\Http\\Request))
#63 /home/thethethoughtfactory/Desktop/RMS-2-11-21/vendor/laravel/framework/src/Illuminate/Pipeline/Pipeline.php(167): Illuminate\\Foundation\\Http\\Middleware\\PreventRequestsDuringMaintenance->handle(Object(Illuminate\\Http\\Request), Object(Closure))
#64 /home/thethethoughtfactory/Desktop/RMS-2-11-21/vendor/laravel/framework/src/Illuminate/Pipeline/Pipeline.php(103): Illuminate\\Pipeline\\Pipeline->Illuminate\\Pipeline\\{closure}(Object(Illuminate\\Http\\Request))
#65 /home/thethethoughtfactory/Desktop/RMS-2-11-21/vendor/laravel/framework/src/Illuminate/Foundation/Http/Kernel.php(141): Illuminate\\Pipeline\\Pipeline->then(Object(Closure))
#66 /home/thethethoughtfactory/Desktop/RMS-2-11-21/vendor/laravel/framework/src/Illuminate/Foundation/Http/Kernel.php(110): Illuminate\\Foundation\\Http\\Kernel->sendRequestThroughRouter(Object(Illuminate\\Http\\Request))
#67 /home/thethethoughtfactory/Desktop/RMS-2-11-21/public/index.php(55): Illuminate\\Foundation\\Http\\Kernel->handle(Object(Illuminate\\Http\\Request))
#68 /home/thethethoughtfactory/Desktop/RMS-2-11-21/server.php(21): require_once('/home/thethetho...')
#69 {main}

[previous exception] [object] (PDOException(code: 2002): SQLSTATE[HY000] [2002] Connection refused at /home/thethethoughtfactory/Desktop/RMS-2-11-21/vendor/laravel/framework/src/Illuminate/Database/Connectors/Connector.php:70)
[stacktrace]
#0 /home/thethethoughtfactory/Desktop/RMS-2-11-21/vendor/laravel/framework/src/Illuminate/Database/Connectors/Connector.php(70): PDO->__construct('mysql:host=127....', 'root', '', Array)
#1 /home/thethethoughtfactory/Desktop/RMS-2-11-21/vendor/laravel/framework/src/Illuminate/Database/Connectors/Connector.php(100): Illuminate\\Database\\Connectors\\Connector->createPdoConnection('mysql:host=127....', 'root', '', Array)
#2 /home/thethethoughtfactory/Desktop/RMS-2-11-21/vendor/laravel/framework/src/Illuminate/Database/Connectors/Connector.php(50): Illuminate\\Database\\Connectors\\Connector->tryAgainIfCausedByLostConnection(Object(PDOException), 'mysql:host=127....', 'root', '', Array)
#3 /home/thethethoughtfactory/Desktop/RMS-2-11-21/vendor/laravel/framework/src/Illuminate/Database/Connectors/MySqlConnector.php(24): Illuminate\\Database\\Connectors\\Connector->createConnection('mysql:host=127....', Array, Array)
#4 /home/thethethoughtfactory/Desktop/RMS-2-11-21/vendor/laravel/framework/src/Illuminate/Database/Connectors/ConnectionFactory.php(184): Illuminate\\Database\\Connectors\\MySqlConnector->connect(Array)
#5 [internal function]: Illuminate\\Database\\Connectors\\ConnectionFactory->Illuminate\\Database\\Connectors\\{closure}()
#6 /home/thethethoughtfactory/Desktop/RMS-2-11-21/vendor/laravel/framework/src/Illuminate/Database/Connection.php(939): call_user_func(Object(Closure))
#7 /home/thethethoughtfactory/Desktop/RMS-2-11-21/vendor/laravel/framework/src/Illuminate/Database/Connection.php(412): Illuminate\\Database\\Connection->getPdo()
#8 /home/thethethoughtfactory/Desktop/RMS-2-11-21/vendor/laravel/framework/src/Illuminate/Database/Connection.php(338): Illuminate\\Database\\Connection->getPdoForSelect(false)
#9 /home/thethethoughtfactory/Desktop/RMS-2-11-21/vendor/laravel/framework/src/Illuminate/Database/Connection.php(671): Illuminate\\Database\\Connection->Illuminate\\Database\\{closure}('select count(*)...', Array)
#10 /home/thethethoughtfactory/Desktop/RMS-2-11-21/vendor/laravel/framework/src/Illuminate/Database/Connection.php(752): Illuminate\\Database\\Connection->runQueryCallback('select count(*)...', Array, Object(Closure))
#11 /home/thethethoughtfactory/Desktop/RMS-2-11-21/vendor/laravel/framework/src/Illuminate/Database/Connection.php(732): Illuminate\\Database\\Connection->tryAgainIfCausedByLostConnection(Object(Illuminate\\Database\\QueryException), 'select count(*)...', Array, Object(Closure))
#12 /home/thethethoughtfactory/Desktop/RMS-2-11-21/vendor/laravel/framework/src/Illuminate/Database/Connection.php(641): Illuminate\\Database\\Connection->handleQueryException(Object(Illuminate\\Database\\QueryException), 'select count(*)...', Array, Object(Closure))
#13 /home/thethethoughtfactory/Desktop/RMS-2-11-21/vendor/laravel/framework/src/Illuminate/Database/Connection.php(346): Illuminate\\Database\\Connection->run('select count(*)...', Array, Object(Closure))
#14 /home/thethethoughtfactory/Desktop/RMS-2-11-21/vendor/laravel/framework/src/Illuminate/Database/Query/Builder.php(2313): Illuminate\\Database\\Connection->select('select count(*)...', Array, false)
#15 /home/thethethoughtfactory/Desktop/RMS-2-11-21/vendor/laravel/framework/src/Illuminate/Database/Query/Builder.php(2301): Illuminate\\Database\\Query\\Builder->runSelect()
#16 /home/thethethoughtfactory/Desktop/RMS-2-11-21/vendor/laravel/framework/src/Illuminate/Database/Query/Builder.php(2796): Illuminate\\Database\\Query\\Builder->Illuminate\\Database\\Query\\{closure}()
#17 /home/thethethoughtfactory/Desktop/RMS-2-11-21/vendor/laravel/framework/src/Illuminate/Database/Query/Builder.php(2302): Illuminate\\Database\\Query\\Builder->onceWithColumns(Array, Object(Closure))
#18 /home/thethethoughtfactory/Desktop/RMS-2-11-21/vendor/laravel/framework/src/Illuminate/Database/Query/Builder.php(2723): Illuminate\\Database\\Query\\Builder->get(Array)
#19 /home/thethethoughtfactory/Desktop/RMS-2-11-21/vendor/laravel/framework/src/Illuminate/Database/Query/Builder.php(2651): Illuminate\\Database\\Query\\Builder->aggregate('count', Array)
#20 /home/thethethoughtfactory/Desktop/RMS-2-11-21/vendor/laravel/framework/src/Illuminate/Validation/DatabasePresenceVerifier.php(55): Illuminate\\Database\\Query\\Builder->count()
#21 /home/thethethoughtfactory/Desktop/RMS-2-11-21/vendor/laravel/framework/src/Illuminate/Validation/Concerns/ValidatesAttributes.php(691): Illuminate\\Validation\\DatabasePresenceVerifier->getCount('users', 'email', 'client@gmail.co...', NULL, NULL, Array)
#22 /home/thethethoughtfactory/Desktop/RMS-2-11-21/vendor/laravel/framework/src/Illuminate/Validation/Concerns/ValidatesAttributes.php(663): Illuminate\\Validation\\Validator->getExistCount(NULL, 'users', 'email', 'client@gmail.co...', Array)
#23 /home/thethethoughtfactory/Desktop/RMS-2-11-21/vendor/laravel/framework/src/Illuminate/Validation/Validator.php(567): Illuminate\\Validation\\Validator->validateExists('email', 'client@gmail.co...', Array, Object(Illuminate\\Validation\\Validator))
#24 /home/thethethoughtfactory/Desktop/RMS-2-11-21/vendor/laravel/framework/src/Illuminate/Validation/Validator.php(390): Illuminate\\Validation\\Validator->validateAttribute('email', 'Exists')
#25 /home/thethethoughtfactory/Desktop/RMS-2-11-21/vendor/laravel/framework/src/Illuminate/Validation/Validator.php(421): Illuminate\\Validation\\Validator->passes()
#26 /home/thethethoughtfactory/Desktop/RMS-2-11-21/vendor/laravel/framework/src/Illuminate/Validation/Validator.php(464): Illuminate\\Validation\\Validator->fails()
#27 /home/thethethoughtfactory/Desktop/RMS-2-11-21/vendor/laravel/framework/src/Illuminate/Validation/Factory.php(136): Illuminate\\Validation\\Validator->validate()
#28 /home/thethethoughtfactory/Desktop/RMS-2-11-21/vendor/laravel/framework/src/Illuminate/Foundation/Providers/FoundationServiceProvider.php(60): Illuminate\\Validation\\Factory->validate(Array, Array)
#29 /home/thethethoughtfactory/Desktop/RMS-2-11-21/vendor/laravel/framework/src/Illuminate/Macroable/Traits/Macroable.php(114): Illuminate\\Http\\Request->Illuminate\\Foundation\\Providers\\{closure}(Array)
#30 /home/thethethoughtfactory/Desktop/RMS-2-11-21/vendor/laravel/ui/auth-backend/AuthenticatesUsers.php(79): Illuminate\\Http\\Request->__call('validate', Array)
#31 /home/thethethoughtfactory/Desktop/RMS-2-11-21/vendor/laravel/ui/auth-backend/AuthenticatesUsers.php(38): App\\Http\\Controllers\\Auth\\LoginController->validateLogin(Object(Illuminate\\Http\\Request))
#32 /home/thethethoughtfactory/Desktop/RMS-2-11-21/vendor/laravel/framework/src/Illuminate/Routing/Controller.php(54): App\\Http\\Controllers\\Auth\\LoginController->login(Object(Illuminate\\Http\\Request))
#33 /home/thethethoughtfactory/Desktop/RMS-2-11-21/vendor/laravel/framework/src/Illuminate/Routing/ControllerDispatcher.php(45): Illuminate\\Routing\\Controller->callAction('login', Array)
#34 /home/thethethoughtfactory/Desktop/RMS-2-11-21/vendor/laravel/framework/src/Illuminate/Routing/Route.php(254): Illuminate\\Routing\\ControllerDispatcher->dispatch(Object(Illuminate\\Routing\\Route), Object(App\\Http\\Controllers\\Auth\\LoginController), 'login')
#35 /home/thethethoughtfactory/Desktop/RMS-2-11-21/vendor/laravel/framework/src/Illuminate/Routing/Route.php(197): Illuminate\\Routing\\Route->runController()
#36 /home/thethethoughtfactory/Desktop/RMS-2-11-21/vendor/laravel/framework/src/Illuminate/Routing/Router.php(693): Illuminate\\Routing\\Route->run()
#37 /home/thethethoughtfactory/Desktop/RMS-2-11-21/vendor/laravel/framework/src/Illuminate/Pipeline/Pipeline.php(128): Illuminate\\Routing\\Router->Illuminate\\Routing\\{closure}(Object(Illuminate\\Http\\Request))
#38 /home/thethethoughtfactory/Desktop/RMS-2-11-21/app/Http/Middleware/RedirectIfAuthenticated.php(25): Illuminate\\Pipeline\\Pipeline->Illuminate\\Pipeline\\{closure}(Object(Illuminate\\Http\\Request))
#39 /home/thethethoughtfactory/Desktop/RMS-2-11-21/vendor/laravel/framework/src/Illuminate/Pipeline/Pipeline.php(167): App\\Http\\Middleware\\RedirectIfAuthenticated->handle(Object(Illuminate\\Http\\Request), Object(Closure))
#40 /home/thethethoughtfactory/Desktop/RMS-2-11-21/vendor/laravel/framework/src/Illuminate/Routing/Middleware/SubstituteBindings.php(50): Illuminate\\Pipeline\\Pipeline->Illuminate\\Pipeline\\{closure}(Object(Illuminate\\Http\\Request))
#41 /home/thethethoughtfactory/Desktop/RMS-2-11-21/vendor/laravel/framework/src/Illuminate/Pipeline/Pipeline.php(167): Illuminate\\Routing\\Middleware\\SubstituteBindings->handle(Object(Illuminate\\Http\\Request), Object(Closure))
#42 /home/thethethoughtfactory/Desktop/RMS-2-11-21/vendor/laravel/framework/src/Illuminate/Foundation/Http/Middleware/VerifyCsrfToken.php(78): Illuminate\\Pipeline\\Pipeline->Illuminate\\Pipeline\\{closure}(Object(Illuminate\\Http\\Request))
#43 /home/thethethoughtfactory/Desktop/RMS-2-11-21/vendor/laravel/framework/src/Illuminate/Pipeline/Pipeline.php(167): Illuminate\\Foundation\\Http\\Middleware\\VerifyCsrfToken->handle(Object(Illuminate\\Http\\Request), Object(Closure))
#44 /home/thethethoughtfactory/Desktop/RMS-2-11-21/vendor/laravel/framework/src/Illuminate/View/Middleware/ShareErrorsFromSession.php(49): Illuminate\\Pipeline\\Pipeline->Illuminate\\Pipeline\\{closure}(Object(Illuminate\\Http\\Request))
#45 /home/thethethoughtfactory/Desktop/RMS-2-11-21/vendor/laravel/framework/src/Illuminate/Pipeline/Pipeline.php(167): Illuminate\\View\\Middleware\\ShareErrorsFromSession->handle(Object(Illuminate\\Http\\Request), Object(Closure))
#46 /home/thethethoughtfactory/Desktop/RMS-2-11-21/vendor/laravel/framework/src/Illuminate/Session/Middleware/StartSession.php(121): Illuminate\\Pipeline\\Pipeline->Illuminate\\Pipeline\\{closure}(Object(Illuminate\\Http\\Request))
#47 /home/thethethoughtfactory/Desktop/RMS-2-11-21/vendor/laravel/framework/src/Illuminate/Session/Middleware/StartSession.php(63): Illuminate\\Session\\Middleware\\StartSession->handleStatefulRequest(Object(Illuminate\\Http\\Request), Object(Illuminate\\Session\\Store), Object(Closure))
#48 /home/thethethoughtfactory/Desktop/RMS-2-11-21/vendor/laravel/framework/src/Illuminate/Pipeline/Pipeline.php(167): Illuminate\\Session\\Middleware\\StartSession->handle(Object(Illuminate\\Http\\Request), Object(Closure))
#49 /home/thethethoughtfactory/Desktop/RMS-2-11-21/vendor/laravel/framework/src/Illuminate/Cookie/Middleware/AddQueuedCookiesToResponse.php(37): Illuminate\\Pipeline\\Pipeline->Illuminate\\Pipeline\\{closure}(Object(Illuminate\\Http\\Request))
#50 /home/thethethoughtfactory/Desktop/RMS-2-11-21/vendor/laravel/framework/src/Illuminate/Pipeline/Pipeline.php(167): Illuminate\\Cookie\\Middleware\\AddQueuedCookiesToResponse->handle(Object(Illuminate\\Http\\Request), Object(Closure))
#51 /home/thethethoughtfactory/Desktop/RMS-2-11-21/vendor/laravel/framework/src/Illuminate/Cookie/Middleware/EncryptCookies.php(67): Illuminate\\Pipeline\\Pipeline->Illuminate\\Pipeline\\{closure}(Object(Illuminate\\Http\\Request))
#52 /home/thethethoughtfactory/Desktop/RMS-2-11-21/vendor/laravel/framework/src/Illuminate/Pipeline/Pipeline.php(167): Illuminate\\Cookie\\Middleware\\EncryptCookies->handle(Object(Illuminate\\Http\\Request), Object(Closure))
#53 /home/thethethoughtfactory/Desktop/RMS-2-11-21/vendor/laravel/framework/src/Illuminate/Pipeline/Pipeline.php(103): Illuminate\\Pipeline\\Pipeline->Illuminate\\Pipeline\\{closure}(Object(Illuminate\\Http\\Request))
#54 /home/thethethoughtfactory/Desktop/RMS-2-11-21/vendor/laravel/framework/src/Illuminate/Routing/Router.php(695): Illuminate\\Pipeline\\Pipeline->then(Object(Closure))
#55 /home/thethethoughtfactory/Desktop/RMS-2-11-21/vendor/laravel/framework/src/Illuminate/Routing/Router.php(670): Illuminate\\Routing\\Router->runRouteWithinStack(Object(Illuminate\\Routing\\Route), Object(Illuminate\\Http\\Request))
#56 /home/thethethoughtfactory/Desktop/RMS-2-11-21/vendor/laravel/framework/src/Illuminate/Routing/Router.php(636): Illuminate\\Routing\\Router->runRoute(Object(Illuminate\\Http\\Request), Object(Illuminate\\Routing\\Route))
#57 /home/thethethoughtfactory/Desktop/RMS-2-11-21/vendor/laravel/framework/src/Illuminate/Routing/Router.php(625): Illuminate\\Routing\\Router->dispatchToRoute(Object(Illuminate\\Http\\Request))
#58 /home/thethethoughtfactory/Desktop/RMS-2-11-21/vendor/laravel/framework/src/Illuminate/Foundation/Http/Kernel.php(166): Illuminate\\Routing\\Router->dispatch(Object(Illuminate\\Http\\Request))
#59 /home/thethethoughtfactory/Desktop/RMS-2-11-21/vendor/laravel/framework/src/Illuminate/Pipeline/Pipeline.php(128): Illuminate\\Foundation\\Http\\Kernel->Illuminate\\Foundation\\Http\\{closure}(Object(Illuminate\\Http\\Request))
#60 /home/thethethoughtfactory/Desktop/RMS-2-11-21/app/Http/Middleware/Cors.php(19): Illuminate\\Pipeline\\Pipeline->Illuminate\\Pipeline\\{closure}(Object(Illuminate\\Http\\Request))
#61 /home/thethethoughtfactory/Desktop/RMS-2-11-21/vendor/laravel/framework/src/Illuminate/Pipeline/Pipeline.php(167): App\\Http\\Middleware\\Cors->handle(Object(Illuminate\\Http\\Request), Object(Closure))
#62 /home/thethethoughtfactory/Desktop/RMS-2-11-21/app/Http/Middleware/ForceJsonResponse.php(26): Illuminate\\Pipeline\\Pipeline->Illuminate\\Pipeline\\{closure}(Object(Illuminate\\Http\\Request))
#63 /home/thethethoughtfactory/Desktop/RMS-2-11-21/vendor/laravel/framework/src/Illuminate/Pipeline/Pipeline.php(167): App\\Http\\Middleware\\ForceJsonResponse->handle(Object(Illuminate\\Http\\Request), Object(Closure))
#64 /home/thethethoughtfactory/Desktop/RMS-2-11-21/vendor/fideloper/proxy/src/TrustProxies.php(57): Illuminate\\Pipeline\\Pipeline->Illuminate\\Pipeline\\{closure}(Object(Illuminate\\Http\\Request))
#65 /home/thethethoughtfactory/Desktop/RMS-2-11-21/vendor/laravel/framework/src/Illuminate/Pipeline/Pipeline.php(167): Fideloper\\Proxy\\TrustProxies->handle(Object(Illuminate\\Http\\Request), Object(Closure))
#66 /home/thethethoughtfactory/Desktop/RMS-2-11-21/vendor/laravel/framework/src/Illuminate/Foundation/Http/Middleware/TransformsRequest.php(21): Illuminate\\Pipeline\\Pipeline->Illuminate\\Pipeline\\{closure}(Object(Illuminate\\Http\\Request))
#67 /home/thethethoughtfactory/Desktop/RMS-2-11-21/vendor/laravel/framework/src/Illuminate/Pipeline/Pipeline.php(167): Illuminate\\Foundation\\Http\\Middleware\\TransformsRequest->handle(Object(Illuminate\\Http\\Request), Object(Closure))
#68 /home/thethethoughtfactory/Desktop/RMS-2-11-21/vendor/laravel/framework/src/Illuminate/Foundation/Http/Middleware/TransformsRequest.php(21): Illuminate\\Pipeline\\Pipeline->Illuminate\\Pipeline\\{closure}(Object(Illuminate\\Http\\Request))
#69 /home/thethethoughtfactory/Desktop/RMS-2-11-21/vendor/laravel/framework/src/Illuminate/Pipeline/Pipeline.php(167): Illuminate\\Foundation\\Http\\Middleware\\TransformsRequest->handle(Object(Illuminate\\Http\\Request), Object(Closure))
#70 /home/thethethoughtfactory/Desktop/RMS-2-11-21/vendor/laravel/framework/src/Illuminate/Foundation/Http/Middleware/ValidatePostSize.php(27): Illuminate\\Pipeline\\Pipeline->Illuminate\\Pipeline\\{closure}(Object(Illuminate\\Http\\Request))
#71 /home/thethethoughtfactory/Desktop/RMS-2-11-21/vendor/laravel/framework/src/Illuminate/Pipeline/Pipeline.php(167): Illuminate\\Foundation\\Http\\Middleware\\ValidatePostSize->handle(Object(Illuminate\\Http\\Request), Object(Closure))
#72 /home/thethethoughtfactory/Desktop/RMS-2-11-21/vendor/laravel/framework/src/Illuminate/Foundation/Http/Middleware/PreventRequestsDuringMaintenance.php(86): Illuminate\\Pipeline\\Pipeline->Illuminate\\Pipeline\\{closure}(Object(Illuminate\\Http\\Request))
#73 /home/thethethoughtfactory/Desktop/RMS-2-11-21/vendor/laravel/framework/src/Illuminate/Pipeline/Pipeline.php(167): Illuminate\\Foundation\\Http\\Middleware\\PreventRequestsDuringMaintenance->handle(Object(Illuminate\\Http\\Request), Object(Closure))
#74 /home/thethethoughtfactory/Desktop/RMS-2-11-21/vendor/laravel/framework/src/Illuminate/Pipeline/Pipeline.php(103): Illuminate\\Pipeline\\Pipeline->Illuminate\\Pipeline\\{closure}(Object(Illuminate\\Http\\Request))
#75 /home/thethethoughtfactory/Desktop/RMS-2-11-21/vendor/laravel/framework/src/Illuminate/Foundation/Http/Kernel.php(141): Illuminate\\Pipeline\\Pipeline->then(Object(Closure))
#76 /home/thethethoughtfactory/Desktop/RMS-2-11-21/vendor/laravel/framework/src/Illuminate/Foundation/Http/Kernel.php(110): Illuminate\\Foundation\\Http\\Kernel->sendRequestThroughRouter(Object(Illuminate\\Http\\Request))
#77 /home/thethethoughtfactory/Desktop/RMS-2-11-21/public/index.php(55): Illuminate\\Foundation\\Http\\Kernel->handle(Object(Illuminate\\Http\\Request))
#78 /home/thethethoughtfactory/Desktop/RMS-2-11-21/server.php(21): require_once('/home/thethetho...')
#79 {main}
"} 
[2021-11-16 13:49:53] local.ERROR: SQLSTATE[23000]: Integrity constraint violation: 1052 Column 'is_active' in where clause is ambiguous (SQL: select * from `employee` left join `users` on `users`.`emp_id` = `employee`.`employee_id` where `is_active` = 1 and `designation` = 5) {"userId":13,"exception":"[object] (Illuminate\\Database\\QueryException(code: 23000): SQLSTATE[23000]: Integrity constraint violation: 1052 Column 'is_active' in where clause is ambiguous (SQL: select * from `employee` left join `users` on `users`.`emp_id` = `employee`.`employee_id` where `is_active` = 1 and `designation` = 5) at /home/thethethoughtfactory/Desktop/RMS-2-11-21/vendor/laravel/framework/src/Illuminate/Database/Connection.php:678)
[stacktrace]
#0 /home/thethethoughtfactory/Desktop/RMS-2-11-21/vendor/laravel/framework/src/Illuminate/Database/Connection.php(638): Illuminate\\Database\\Connection->runQueryCallback('select * from `...', Array, Object(Closure))
#1 /home/thethethoughtfactory/Desktop/RMS-2-11-21/vendor/laravel/framework/src/Illuminate/Database/Connection.php(346): Illuminate\\Database\\Connection->run('select * from `...', Array, Object(Closure))
#2 /home/thethethoughtfactory/Desktop/RMS-2-11-21/vendor/laravel/framework/src/Illuminate/Database/Query/Builder.php(2313): Illuminate\\Database\\Connection->select('select * from `...', Array, true)
#3 /home/thethethoughtfactory/Desktop/RMS-2-11-21/vendor/laravel/framework/src/Illuminate/Database/Query/Builder.php(2301): Illuminate\\Database\\Query\\Builder->runSelect()
#4 /home/thethethoughtfactory/Desktop/RMS-2-11-21/vendor/laravel/framework/src/Illuminate/Database/Query/Builder.php(2796): Illuminate\\Database\\Query\\Builder->Illuminate\\Database\\Query\\{closure}()
#5 /home/thethethoughtfactory/Desktop/RMS-2-11-21/vendor/laravel/framework/src/Illuminate/Database/Query/Builder.php(2302): Illuminate\\Database\\Query\\Builder->onceWithColumns(Array, Object(Closure))
#6 /home/thethethoughtfactory/Desktop/RMS-2-11-21/app/Http/Controllers/Brand_detailsController.php(75): Illuminate\\Database\\Query\\Builder->get()
#7 /home/thethethoughtfactory/Desktop/RMS-2-11-21/vendor/laravel/framework/src/Illuminate/Routing/Controller.php(54): App\\Http\\Controllers\\Brand_detailsController->create()
#8 /home/thethethoughtfactory/Desktop/RMS-2-11-21/vendor/laravel/framework/src/Illuminate/Routing/ControllerDispatcher.php(45): Illuminate\\Routing\\Controller->callAction('create', Array)
#9 /home/thethethoughtfactory/Desktop/RMS-2-11-21/vendor/laravel/framework/src/Illuminate/Routing/Route.php(254): Illuminate\\Routing\\ControllerDispatcher->dispatch(Object(Illuminate\\Routing\\Route), Object(App\\Http\\Controllers\\Brand_detailsController), 'create')
#10 /home/thethethoughtfactory/Desktop/RMS-2-11-21/vendor/laravel/framework/src/Illuminate/Routing/Route.php(197): Illuminate\\Routing\\Route->runController()
#11 /home/thethethoughtfactory/Desktop/RMS-2-11-21/vendor/laravel/framework/src/Illuminate/Routing/Router.php(693): Illuminate\\Routing\\Route->run()
#12 /home/thethethoughtfactory/Desktop/RMS-2-11-21/vendor/laravel/framework/src/Illuminate/Pipeline/Pipeline.php(128): Illuminate\\Routing\\Router->Illuminate\\Routing\\{closure}(Object(Illuminate\\Http\\Request))
#13 /home/thethethoughtfactory/Desktop/RMS-2-11-21/app/Http/Middleware/ClientMiddleware.php(28): Illuminate\\Pipeline\\Pipeline->Illuminate\\Pipeline\\{closure}(Object(Illuminate\\Http\\Request))
#14 /home/thethethoughtfactory/Desktop/RMS-2-11-21/vendor/laravel/framework/src/Illuminate/Pipeline/Pipeline.php(167): App\\Http\\Middleware\\ClientMiddleware->handle(Object(Illuminate\\Http\\Request), Object(Closure))
#15 /home/thethethoughtfactory/Desktop/RMS-2-11-21/vendor/laravel/framework/src/Illuminate/Routing/Middleware/SubstituteBindings.php(50): Illuminate\\Pipeline\\Pipeline->Illuminate\\Pipeline\\{closure}(Object(Illuminate\\Http\\Request))
#16 /home/thethethoughtfactory/Desktop/RMS-2-11-21/vendor/laravel/framework/src/Illuminate/Pipeline/Pipeline.php(167): Illuminate\\Routing\\Middleware\\SubstituteBindings->handle(Object(Illuminate\\Http\\Request), Object(Closure))
#17 /home/thethethoughtfactory/Desktop/RMS-2-11-21/vendor/laravel/framework/src/Illuminate/Foundation/Http/Middleware/VerifyCsrfToken.php(78): Illuminate\\Pipeline\\Pipeline->Illuminate\\Pipeline\\{closure}(Object(Illuminate\\Http\\Request))
#18 /home/thethethoughtfactory/Desktop/RMS-2-11-21/vendor/laravel/framework/src/Illuminate/Pipeline/Pipeline.php(167): Illuminate\\Foundation\\Http\\Middleware\\VerifyCsrfToken->handle(Object(Illuminate\\Http\\Request), Object(Closure))
#19 /home/thethethoughtfactory/Desktop/RMS-2-11-21/vendor/laravel/framework/src/Illuminate/View/Middleware/ShareErrorsFromSession.php(49): Illuminate\\Pipeline\\Pipeline->Illuminate\\Pipeline\\{closure}(Object(Illuminate\\Http\\Request))
#20 /home/thethethoughtfactory/Desktop/RMS-2-11-21/vendor/laravel/framework/src/Illuminate/Pipeline/Pipeline.php(167): Illuminate\\View\\Middleware\\ShareErrorsFromSession->handle(Object(Illuminate\\Http\\Request), Object(Closure))
#21 /home/thethethoughtfactory/Desktop/RMS-2-11-21/vendor/laravel/framework/src/Illuminate/Session/Middleware/StartSession.php(121): Illuminate\\Pipeline\\Pipeline->Illuminate\\Pipeline\\{closure}(Object(Illuminate\\Http\\Request))
#22 /home/thethethoughtfactory/Desktop/RMS-2-11-21/vendor/laravel/framework/src/Illuminate/Session/Middleware/StartSession.php(63): Illuminate\\Session\\Middleware\\StartSession->handleStatefulRequest(Object(Illuminate\\Http\\Request), Object(Illuminate\\Session\\Store), Object(Closure))
#23 /home/thethethoughtfactory/Desktop/RMS-2-11-21/vendor/laravel/framework/src/Illuminate/Pipeline/Pipeline.php(167): Illuminate\\Session\\Middleware\\StartSession->handle(Object(Illuminate\\Http\\Request), Object(Closure))
#24 /home/thethethoughtfactory/Desktop/RMS-2-11-21/vendor/laravel/framework/src/Illuminate/Cookie/Middleware/AddQueuedCookiesToResponse.php(37): Illuminate\\Pipeline\\Pipeline->Illuminate\\Pipeline\\{closure}(Object(Illuminate\\Http\\Request))
#25 /home/thethethoughtfactory/Desktop/RMS-2-11-21/vendor/laravel/framework/src/Illuminate/Pipeline/Pipeline.php(167): Illuminate\\Cookie\\Middleware\\AddQueuedCookiesToResponse->handle(Object(Illuminate\\Http\\Request), Object(Closure))
#26 /home/thethethoughtfactory/Desktop/RMS-2-11-21/vendor/laravel/framework/src/Illuminate/Cookie/Middleware/EncryptCookies.php(67): Illuminate\\Pipeline\\Pipeline->Illuminate\\Pipeline\\{closure}(Object(Illuminate\\Http\\Request))
#27 /home/thethethoughtfactory/Desktop/RMS-2-11-21/vendor/laravel/framework/src/Illuminate/Pipeline/Pipeline.php(167): Illuminate\\Cookie\\Middleware\\EncryptCookies->handle(Object(Illuminate\\Http\\Request), Object(Closure))
#28 /home/thethethoughtfactory/Desktop/RMS-2-11-21/vendor/laravel/framework/src/Illuminate/Pipeline/Pipeline.php(103): Illuminate\\Pipeline\\Pipeline->Illuminate\\Pipeline\\{closure}(Object(Illuminate\\Http\\Request))
#29 /home/thethethoughtfactory/Desktop/RMS-2-11-21/vendor/laravel/framework/src/Illuminate/Routing/Router.php(695): Illuminate\\Pipeline\\Pipeline->then(Object(Closure))
#30 /home/thethethoughtfactory/Desktop/RMS-2-11-21/vendor/laravel/framework/src/Illuminate/Routing/Router.php(670): Illuminate\\Routing\\Router->runRouteWithinStack(Object(Illuminate\\Routing\\Route), Object(Illuminate\\Http\\Request))
#31 /home/thethethoughtfactory/Desktop/RMS-2-11-21/vendor/laravel/framework/src/Illuminate/Routing/Router.php(636): Illuminate\\Routing\\Router->runRoute(Object(Illuminate\\Http\\Request), Object(Illuminate\\Routing\\Route))
#32 /home/thethethoughtfactory/Desktop/RMS-2-11-21/vendor/laravel/framework/src/Illuminate/Routing/Router.php(625): Illuminate\\Routing\\Router->dispatchToRoute(Object(Illuminate\\Http\\Request))
#33 /home/thethethoughtfactory/Desktop/RMS-2-11-21/vendor/laravel/framework/src/Illuminate/Foundation/Http/Kernel.php(166): Illuminate\\Routing\\Router->dispatch(Object(Illuminate\\Http\\Request))
#34 /home/thethethoughtfactory/Desktop/RMS-2-11-21/vendor/laravel/framework/src/Illuminate/Pipeline/Pipeline.php(128): Illuminate\\Foundation\\Http\\Kernel->Illuminate\\Foundation\\Http\\{closure}(Object(Illuminate\\Http\\Request))
#35 /home/thethethoughtfactory/Desktop/RMS-2-11-21/app/Http/Middleware/Cors.php(19): Illuminate\\Pipeline\\Pipeline->Illuminate\\Pipeline\\{closure}(Object(Illuminate\\Http\\Request))
#36 /home/thethethoughtfactory/Desktop/RMS-2-11-21/vendor/laravel/framework/src/Illuminate/Pipeline/Pipeline.php(167): App\\Http\\Middleware\\Cors->handle(Object(Illuminate\\Http\\Request), Object(Closure))
#37 /home/thethethoughtfactory/Desktop/RMS-2-11-21/app/Http/Middleware/ForceJsonResponse.php(26): Illuminate\\Pipeline\\Pipeline->Illuminate\\Pipeline\\{closure}(Object(Illuminate\\Http\\Request))
#38 /home/thethethoughtfactory/Desktop/RMS-2-11-21/vendor/laravel/framework/src/Illuminate/Pipeline/Pipeline.php(167): App\\Http\\Middleware\\ForceJsonResponse->handle(Object(Illuminate\\Http\\Request), Object(Closure))
#39 /home/thethethoughtfactory/Desktop/RMS-2-11-21/vendor/fideloper/proxy/src/TrustProxies.php(57): Illuminate\\Pipeline\\Pipeline->Illuminate\\Pipeline\\{closure}(Object(Illuminate\\Http\\Request))
#40 /home/thethethoughtfactory/Desktop/RMS-2-11-21/vendor/laravel/framework/src/Illuminate/Pipeline/Pipeline.php(167): Fideloper\\Proxy\\TrustProxies->handle(Object(Illuminate\\Http\\Request), Object(Closure))
#41 /home/thethethoughtfactory/Desktop/RMS-2-11-21/vendor/laravel/framework/src/Illuminate/Foundation/Http/Middleware/TransformsRequest.php(21): Illuminate\\Pipeline\\Pipeline->Illuminate\\Pipeline\\{closure}(Object(Illuminate\\Http\\Request))
#42 /home/thethethoughtfactory/Desktop/RMS-2-11-21/vendor/laravel/framework/src/Illuminate/Pipeline/Pipeline.php(167): Illuminate\\Foundation\\Http\\Middleware\\TransformsRequest->handle(Object(Illuminate\\Http\\Request), Object(Closure))
#43 /home/thethethoughtfactory/Desktop/RMS-2-11-21/vendor/laravel/framework/src/Illuminate/Foundation/Http/Middleware/TransformsRequest.php(21): Illuminate\\Pipeline\\Pipeline->Illuminate\\Pipeline\\{closure}(Object(Illuminate\\Http\\Request))
#44 /home/thethethoughtfactory/Desktop/RMS-2-11-21/vendor/laravel/framework/src/Illuminate/Pipeline/Pipeline.php(167): Illuminate\\Foundation\\Http\\Middleware\\TransformsRequest->handle(Object(Illuminate\\Http\\Request), Object(Closure))
#45 /home/thethethoughtfactory/Desktop/RMS-2-11-21/vendor/laravel/framework/src/Illuminate/Foundation/Http/Middleware/ValidatePostSize.php(27): Illuminate\\Pipeline\\Pipeline->Illuminate\\Pipeline\\{closure}(Object(Illuminate\\Http\\Request))
#46 /home/thethethoughtfactory/Desktop/RMS-2-11-21/vendor/laravel/framework/src/Illuminate/Pipeline/Pipeline.php(167): Illuminate\\Foundation\\Http\\Middleware\\ValidatePostSize->handle(Object(Illuminate\\Http\\Request), Object(Closure))
#47 /home/thethethoughtfactory/Desktop/RMS-2-11-21/vendor/laravel/framework/src/Illuminate/Foundation/Http/Middleware/PreventRequestsDuringMaintenance.php(86): Illuminate\\Pipeline\\Pipeline->Illuminate\\Pipeline\\{closure}(Object(Illuminate\\Http\\Request))
#48 /home/thethethoughtfactory/Desktop/RMS-2-11-21/vendor/laravel/framework/src/Illuminate/Pipeline/Pipeline.php(167): Illuminate\\Foundation\\Http\\Middleware\\PreventRequestsDuringMaintenance->handle(Object(Illuminate\\Http\\Request), Object(Closure))
#49 /home/thethethoughtfactory/Desktop/RMS-2-11-21/vendor/laravel/framework/src/Illuminate/Pipeline/Pipeline.php(103): Illuminate\\Pipeline\\Pipeline->Illuminate\\Pipeline\\{closure}(Object(Illuminate\\Http\\Request))
#50 /home/thethethoughtfactory/Desktop/RMS-2-11-21/vendor/laravel/framework/src/Illuminate/Foundation/Http/Kernel.php(141): Illuminate\\Pipeline\\Pipeline->then(Object(Closure))
#51 /home/thethethoughtfactory/Desktop/RMS-2-11-21/vendor/laravel/framework/src/Illuminate/Foundation/Http/Kernel.php(110): Illuminate\\Foundation\\Http\\Kernel->sendRequestThroughRouter(Object(Illuminate\\Http\\Request))
#52 /home/thethethoughtfactory/Desktop/RMS-2-11-21/public/index.php(55): Illuminate\\Foundation\\Http\\Kernel->handle(Object(Illuminate\\Http\\Request))
#53 /home/thethethoughtfactory/Desktop/RMS-2-11-21/server.php(21): require_once('/home/thethetho...')
#54 {main}

[previous exception] [object] (PDOException(code: 23000): SQLSTATE[23000]: Integrity constraint violation: 1052 Column 'is_active' in where clause is ambiguous at /home/thethethoughtfactory/Desktop/RMS-2-11-21/vendor/laravel/framework/src/Illuminate/Database/Connection.php:338)
[stacktrace]
#0 /home/thethethoughtfactory/Desktop/RMS-2-11-21/vendor/laravel/framework/src/Illuminate/Database/Connection.php(338): PDO->prepare('select * from `...')
#1 /home/thethethoughtfactory/Desktop/RMS-2-11-21/vendor/laravel/framework/src/Illuminate/Database/Connection.php(671): Illuminate\\Database\\Connection->Illuminate\\Database\\{closure}('select * from `...', Array)
#2 /home/thethethoughtfactory/Desktop/RMS-2-11-21/vendor/laravel/framework/src/Illuminate/Database/Connection.php(638): Illuminate\\Database\\Connection->runQueryCallback('select * from `...', Array, Object(Closure))
#3 /home/thethethoughtfactory/Desktop/RMS-2-11-21/vendor/laravel/framework/src/Illuminate/Database/Connection.php(346): Illuminate\\Database\\Connection->run('select * from `...', Array, Object(Closure))
#4 /home/thethethoughtfactory/Desktop/RMS-2-11-21/vendor/laravel/framework/src/Illuminate/Database/Query/Builder.php(2313): Illuminate\\Database\\Connection->select('select * from `...', Array, true)
#5 /home/thethethoughtfactory/Desktop/RMS-2-11-21/vendor/laravel/framework/src/Illuminate/Database/Query/Builder.php(2301): Illuminate\\Database\\Query\\Builder->runSelect()
#6 /home/thethethoughtfactory/Desktop/RMS-2-11-21/vendor/laravel/framework/src/Illuminate/Database/Query/Builder.php(2796): Illuminate\\Database\\Query\\Builder->Illuminate\\Database\\Query\\{closure}()
#7 /home/thethethoughtfactory/Desktop/RMS-2-11-21/vendor/laravel/framework/src/Illuminate/Database/Query/Builder.php(2302): Illuminate\\Database\\Query\\Builder->onceWithColumns(Array, Object(Closure))
#8 /home/thethethoughtfactory/Desktop/RMS-2-11-21/app/Http/Controllers/Brand_detailsController.php(75): Illuminate\\Database\\Query\\Builder->get()
#9 /home/thethethoughtfactory/Desktop/RMS-2-11-21/vendor/laravel/framework/src/Illuminate/Routing/Controller.php(54): App\\Http\\Controllers\\Brand_detailsController->create()
#10 /home/thethethoughtfactory/Desktop/RMS-2-11-21/vendor/laravel/framework/src/Illuminate/Routing/ControllerDispatcher.php(45): Illuminate\\Routing\\Controller->callAction('create', Array)
#11 /home/thethethoughtfactory/Desktop/RMS-2-11-21/vendor/laravel/framework/src/Illuminate/Routing/Route.php(254): Illuminate\\Routing\\ControllerDispatcher->dispatch(Object(Illuminate\\Routing\\Route), Object(App\\Http\\Controllers\\Brand_detailsController), 'create')
#12 /home/thethethoughtfactory/Desktop/RMS-2-11-21/vendor/laravel/framework/src/Illuminate/Routing/Route.php(197): Illuminate\\Routing\\Route->runController()
#13 /home/thethethoughtfactory/Desktop/RMS-2-11-21/vendor/laravel/framework/src/Illuminate/Routing/Router.php(693): Illuminate\\Routing\\Route->run()
#14 /home/thethethoughtfactory/Desktop/RMS-2-11-21/vendor/laravel/framework/src/Illuminate/Pipeline/Pipeline.php(128): Illuminate\\Routing\\Router->Illuminate\\Routing\\{closure}(Object(Illuminate\\Http\\Request))
#15 /home/thethethoughtfactory/Desktop/RMS-2-11-21/app/Http/Middleware/ClientMiddleware.php(28): Illuminate\\Pipeline\\Pipeline->Illuminate\\Pipeline\\{closure}(Object(Illuminate\\Http\\Request))
#16 /home/thethethoughtfactory/Desktop/RMS-2-11-21/vendor/laravel/framework/src/Illuminate/Pipeline/Pipeline.php(167): App\\Http\\Middleware\\ClientMiddleware->handle(Object(Illuminate\\Http\\Request), Object(Closure))
#17 /home/thethethoughtfactory/Desktop/RMS-2-11-21/vendor/laravel/framework/src/Illuminate/Routing/Middleware/SubstituteBindings.php(50): Illuminate\\Pipeline\\Pipeline->Illuminate\\Pipeline\\{closure}(Object(Illuminate\\Http\\Request))
#18 /home/thethethoughtfactory/Desktop/RMS-2-11-21/vendor/laravel/framework/src/Illuminate/Pipeline/Pipeline.php(167): Illuminate\\Routing\\Middleware\\SubstituteBindings->handle(Object(Illuminate\\Http\\Request), Object(Closure))
#19 /home/thethethoughtfactory/Desktop/RMS-2-11-21/vendor/laravel/framework/src/Illuminate/Foundation/Http/Middleware/VerifyCsrfToken.php(78): Illuminate\\Pipeline\\Pipeline->Illuminate\\Pipeline\\{closure}(Object(Illuminate\\Http\\Request))
#20 /home/thethethoughtfactory/Desktop/RMS-2-11-21/vendor/laravel/framework/src/Illuminate/Pipeline/Pipeline.php(167): Illuminate\\Foundation\\Http\\Middleware\\VerifyCsrfToken->handle(Object(Illuminate\\Http\\Request), Object(Closure))
#21 /home/thethethoughtfactory/Desktop/RMS-2-11-21/vendor/laravel/framework/src/Illuminate/View/Middleware/ShareErrorsFromSession.php(49): Illuminate\\Pipeline\\Pipeline->Illuminate\\Pipeline\\{closure}(Object(Illuminate\\Http\\Request))
#22 /home/thethethoughtfactory/Desktop/RMS-2-11-21/vendor/laravel/framework/src/Illuminate/Pipeline/Pipeline.php(167): Illuminate\\View\\Middleware\\ShareErrorsFromSession->handle(Object(Illuminate\\Http\\Request), Object(Closure))
#23 /home/thethethoughtfactory/Desktop/RMS-2-11-21/vendor/laravel/framework/src/Illuminate/Session/Middleware/StartSession.php(121): Illuminate\\Pipeline\\Pipeline->Illuminate\\Pipeline\\{closure}(Object(Illuminate\\Http\\Request))
#24 /home/thethethoughtfactory/Desktop/RMS-2-11-21/vendor/laravel/framework/src/Illuminate/Session/Middleware/StartSession.php(63): Illuminate\\Session\\Middleware\\StartSession->handleStatefulRequest(Object(Illuminate\\Http\\Request), Object(Illuminate\\Session\\Store), Object(Closure))
#25 /home/thethethoughtfactory/Desktop/RMS-2-11-21/vendor/laravel/framework/src/Illuminate/Pipeline/Pipeline.php(167): Illuminate\\Session\\Middleware\\StartSession->handle(Object(Illuminate\\Http\\Request), Object(Closure))
#26 /home/thethethoughtfactory/Desktop/RMS-2-11-21/vendor/laravel/framework/src/Illuminate/Cookie/Middleware/AddQueuedCookiesToResponse.php(37): Illuminate\\Pipeline\\Pipeline->Illuminate\\Pipeline\\{closure}(Object(Illuminate\\Http\\Request))
#27 /home/thethethoughtfactory/Desktop/RMS-2-11-21/vendor/laravel/framework/src/Illuminate/Pipeline/Pipeline.php(167): Illuminate\\Cookie\\Middleware\\AddQueuedCookiesToResponse->handle(Object(Illuminate\\Http\\Request), Object(Closure))
#28 /home/thethethoughtfactory/Desktop/RMS-2-11-21/vendor/laravel/framework/src/Illuminate/Cookie/Middleware/EncryptCookies.php(67): Illuminate\\Pipeline\\Pipeline->Illuminate\\Pipeline\\{closure}(Object(Illuminate\\Http\\Request))
#29 /home/thethethoughtfactory/Desktop/RMS-2-11-21/vendor/laravel/framework/src/Illuminate/Pipeline/Pipeline.php(167): Illuminate\\Cookie\\Middleware\\EncryptCookies->handle(Object(Illuminate\\Http\\Request), Object(Closure))
#30 /home/thethethoughtfactory/Desktop/RMS-2-11-21/vendor/laravel/framework/src/Illuminate/Pipeline/Pipeline.php(103): Illuminate\\Pipeline\\Pipeline->Illuminate\\Pipeline\\{closure}(Object(Illuminate\\Http\\Request))
#31 /home/thethethoughtfactory/Desktop/RMS-2-11-21/vendor/laravel/framework/src/Illuminate/Routing/Router.php(695): Illuminate\\Pipeline\\Pipeline->then(Object(Closure))
#32 /home/thethethoughtfactory/Desktop/RMS-2-11-21/vendor/laravel/framework/src/Illuminate/Routing/Router.php(670): Illuminate\\Routing\\Router->runRouteWithinStack(Object(Illuminate\\Routing\\Route), Object(Illuminate\\Http\\Request))
#33 /home/thethethoughtfactory/Desktop/RMS-2-11-21/vendor/laravel/framework/src/Illuminate/Routing/Router.php(636): Illuminate\\Routing\\Router->runRoute(Object(Illuminate\\Http\\Request), Object(Illuminate\\Routing\\Route))
#34 /home/thethethoughtfactory/Desktop/RMS-2-11-21/vendor/laravel/framework/src/Illuminate/Routing/Router.php(625): Illuminate\\Routing\\Router->dispatchToRoute(Object(Illuminate\\Http\\Request))
#35 /home/thethethoughtfactory/Desktop/RMS-2-11-21/vendor/laravel/framework/src/Illuminate/Foundation/Http/Kernel.php(166): Illuminate\\Routing\\Router->dispatch(Object(Illuminate\\Http\\Request))
#36 /home/thethethoughtfactory/Desktop/RMS-2-11-21/vendor/laravel/framework/src/Illuminate/Pipeline/Pipeline.php(128): Illuminate\\Foundation\\Http\\Kernel->Illuminate\\Foundation\\Http\\{closure}(Object(Illuminate\\Http\\Request))
#37 /home/thethethoughtfactory/Desktop/RMS-2-11-21/app/Http/Middleware/Cors.php(19): Illuminate\\Pipeline\\Pipeline->Illuminate\\Pipeline\\{closure}(Object(Illuminate\\Http\\Request))
#38 /home/thethethoughtfactory/Desktop/RMS-2-11-21/vendor/laravel/framework/src/Illuminate/Pipeline/Pipeline.php(167): App\\Http\\Middleware\\Cors->handle(Object(Illuminate\\Http\\Request), Object(Closure))
#39 /home/thethethoughtfactory/Desktop/RMS-2-11-21/app/Http/Middleware/ForceJsonResponse.php(26): Illuminate\\Pipeline\\Pipeline->Illuminate\\Pipeline\\{closure}(Object(Illuminate\\Http\\Request))
#40 /home/thethethoughtfactory/Desktop/RMS-2-11-21/vendor/laravel/framework/src/Illuminate/Pipeline/Pipeline.php(167): App\\Http\\Middleware\\ForceJsonResponse->handle(Object(Illuminate\\Http\\Request), Object(Closure))
#41 /home/thethethoughtfactory/Desktop/RMS-2-11-21/vendor/fideloper/proxy/src/TrustProxies.php(57): Illuminate\\Pipeline\\Pipeline->Illuminate\\Pipeline\\{closure}(Object(Illuminate\\Http\\Request))
#42 /home/thethethoughtfactory/Desktop/RMS-2-11-21/vendor/laravel/framework/src/Illuminate/Pipeline/Pipeline.php(167): Fideloper\\Proxy\\TrustProxies->handle(Object(Illuminate\\Http\\Request), Object(Closure))
#43 /home/thethethoughtfactory/Desktop/RMS-2-11-21/vendor/laravel/framework/src/Illuminate/Foundation/Http/Middleware/TransformsRequest.php(21): Illuminate\\Pipeline\\Pipeline->Illuminate\\Pipeline\\{closure}(Object(Illuminate\\Http\\Request))
#44 /home/thethethoughtfactory/Desktop/RMS-2-11-21/vendor/laravel/framework/src/Illuminate/Pipeline/Pipeline.php(167): Illuminate\\Foundation\\Http\\Middleware\\TransformsRequest->handle(Object(Illuminate\\Http\\Request), Object(Closure))
#45 /home/thethethoughtfactory/Desktop/RMS-2-11-21/vendor/laravel/framework/src/Illuminate/Foundation/Http/Middleware/TransformsRequest.php(21): Illuminate\\Pipeline\\Pipeline->Illuminate\\Pipeline\\{closure}(Object(Illuminate\\Http\\Request))
#46 /home/thethethoughtfactory/Desktop/RMS-2-11-21/vendor/laravel/framework/src/Illuminate/Pipeline/Pipeline.php(167): Illuminate\\Foundation\\Http\\Middleware\\TransformsRequest->handle(Object(Illuminate\\Http\\Request), Object(Closure))
#47 /home/thethethoughtfactory/Desktop/RMS-2-11-21/vendor/laravel/framework/src/Illuminate/Foundation/Http/Middleware/ValidatePostSize.php(27): Illuminate\\Pipeline\\Pipeline->Illuminate\\Pipeline\\{closure}(Object(Illuminate\\Http\\Request))
#48 /home/thethethoughtfactory/Desktop/RMS-2-11-21/vendor/laravel/framework/src/Illuminate/Pipeline/Pipeline.php(167): Illuminate\\Foundation\\Http\\Middleware\\ValidatePostSize->handle(Object(Illuminate\\Http\\Request), Object(Closure))
#49 /home/thethethoughtfactory/Desktop/RMS-2-11-21/vendor/laravel/framework/src/Illuminate/Foundation/Http/Middleware/PreventRequestsDuringMaintenance.php(86): Illuminate\\Pipeline\\Pipeline->Illuminate\\Pipeline\\{closure}(Object(Illuminate\\Http\\Request))
#50 /home/thethethoughtfactory/Desktop/RMS-2-11-21/vendor/laravel/framework/src/Illuminate/Pipeline/Pipeline.php(167): Illuminate\\Foundation\\Http\\Middleware\\PreventRequestsDuringMaintenance->handle(Object(Illuminate\\Http\\Request), Object(Closure))
#51 /home/thethethoughtfactory/Desktop/RMS-2-11-21/vendor/laravel/framework/src/Illuminate/Pipeline/Pipeline.php(103): Illuminate\\Pipeline\\Pipeline->Illuminate\\Pipeline\\{closure}(Object(Illuminate\\Http\\Request))
#52 /home/thethethoughtfactory/Desktop/RMS-2-11-21/vendor/laravel/framework/src/Illuminate/Foundation/Http/Kernel.php(141): Illuminate\\Pipeline\\Pipeline->then(Object(Closure))
#53 /home/thethethoughtfactory/Desktop/RMS-2-11-21/vendor/laravel/framework/src/Illuminate/Foundation/Http/Kernel.php(110): Illuminate\\Foundation\\Http\\Kernel->sendRequestThroughRouter(Object(Illuminate\\Http\\Request))
#54 /home/thethethoughtfactory/Desktop/RMS-2-11-21/public/index.php(55): Illuminate\\Foundation\\Http\\Kernel->handle(Object(Illuminate\\Http\\Request))
#55 /home/thethethoughtfactory/Desktop/RMS-2-11-21/server.php(21): require_once('/home/thethetho...')
#56 {main}
"} 
