[2021-11-22 14:00:03] local.ERROR: Interface 'App\Imports\WithCalculatedFormulas' not found {"userId":13,"exception":"[object] (Error(code: 0): Interface 'App\\Imports\\WithCalculatedFormulas' not found at /home/thethethoughtfactory/Desktop/RMS-2-11-21/app/Imports/OutletImport.php:11)
[stacktrace]
#0 /home/thethethoughtfactory/Desktop/RMS-2-11-21/vendor/composer/ClassLoader.php(444): include()
#1 /home/thethethoughtfactory/Desktop/RMS-2-11-21/vendor/composer/ClassLoader.php(322): Composer\\Autoload\\includeFile('/home/thethetho...')
#2 [internal function]: Composer\\Autoload\\ClassLoader->loadClass('App\\\\Imports\\\\Out...')
#3 /home/thethethoughtfactory/Desktop/RMS-2-11-21/app/Http/Controllers/OutletController.php(237): spl_autoload_call('App\\\\Imports\\\\Out...')
#4 /home/thethethoughtfactory/Desktop/RMS-2-11-21/vendor/laravel/framework/src/Illuminate/Routing/Controller.php(54): App\\Http\\Controllers\\OutletController->import(Object(Illuminate\\Http\\Request))
#5 /home/thethethoughtfactory/Desktop/RMS-2-11-21/vendor/laravel/framework/src/Illuminate/Routing/ControllerDispatcher.php(45): Illuminate\\Routing\\Controller->callAction('import', Array)
#6 /home/thethethoughtfactory/Desktop/RMS-2-11-21/vendor/laravel/framework/src/Illuminate/Routing/Route.php(254): Illuminate\\Routing\\ControllerDispatcher->dispatch(Object(Illuminate\\Routing\\Route), Object(App\\Http\\Controllers\\OutletController), 'import')
#7 /home/thethethoughtfactory/Desktop/RMS-2-11-21/vendor/laravel/framework/src/Illuminate/Routing/Route.php(197): Illuminate\\Routing\\Route->runController()
#8 /home/thethethoughtfactory/Desktop/RMS-2-11-21/vendor/laravel/framework/src/Illuminate/Routing/Router.php(693): Illuminate\\Routing\\Route->run()
#9 /home/thethethoughtfactory/Desktop/RMS-2-11-21/vendor/laravel/framework/src/Illuminate/Pipeline/Pipeline.php(128): Illuminate\\Routing\\Router->Illuminate\\Routing\\{closure}(Object(Illuminate\\Http\\Request))
#10 /home/thethethoughtfactory/Desktop/RMS-2-11-21/app/Http/Middleware/ClientMiddleware.php(28): Illuminate\\Pipeline\\Pipeline->Illuminate\\Pipeline\\{closure}(Object(Illuminate\\Http\\Request))
#11 /home/thethethoughtfactory/Desktop/RMS-2-11-21/vendor/laravel/framework/src/Illuminate/Pipeline/Pipeline.php(167): App\\Http\\Middleware\\ClientMiddleware->handle(Object(Illuminate\\Http\\Request), Object(Closure))
#12 /home/thethethoughtfactory/Desktop/RMS-2-11-21/vendor/laravel/framework/src/Illuminate/Routing/Middleware/SubstituteBindings.php(50): Illuminate\\Pipeline\\Pipeline->Illuminate\\Pipeline\\{closure}(Object(Illuminate\\Http\\Request))
#13 /home/thethethoughtfactory/Desktop/RMS-2-11-21/vendor/laravel/framework/src/Illuminate/Pipeline/Pipeline.php(167): Illuminate\\Routing\\Middleware\\SubstituteBindings->handle(Object(Illuminate\\Http\\Request), Object(Closure))
#14 /home/thethethoughtfactory/Desktop/RMS-2-11-21/vendor/laravel/framework/src/Illuminate/Foundation/Http/Middleware/VerifyCsrfToken.php(78): Illuminate\\Pipeline\\Pipeline->Illuminate\\Pipeline\\{closure}(Object(Illuminate\\Http\\Request))
#15 /home/thethethoughtfactory/Desktop/RMS-2-11-21/vendor/laravel/framework/src/Illuminate/Pipeline/Pipeline.php(167): Illuminate\\Foundation\\Http\\Middleware\\VerifyCsrfToken->handle(Object(Illuminate\\Http\\Request), Object(Closure))
#16 /home/thethethoughtfactory/Desktop/RMS-2-11-21/vendor/laravel/framework/src/Illuminate/View/Middleware/ShareErrorsFromSession.php(49): Illuminate\\Pipeline\\Pipeline->Illuminate\\Pipeline\\{closure}(Object(Illuminate\\Http\\Request))
#17 /home/thethethoughtfactory/Desktop/RMS-2-11-21/vendor/laravel/framework/src/Illuminate/Pipeline/Pipeline.php(167): Illuminate\\View\\Middleware\\ShareErrorsFromSession->handle(Object(Illuminate\\Http\\Request), Object(Closure))
#18 /home/thethethoughtfactory/Desktop/RMS-2-11-21/vendor/laravel/framework/src/Illuminate/Session/Middleware/StartSession.php(121): Illuminate\\Pipeline\\Pipeline->Illuminate\\Pipeline\\{closure}(Object(Illuminate\\Http\\Request))
#19 /home/thethethoughtfactory/Desktop/RMS-2-11-21/vendor/laravel/framework/src/Illuminate/Session/Middleware/StartSession.php(63): Illuminate\\Session\\Middleware\\StartSession->handleStatefulRequest(Object(Illuminate\\Http\\Request), Object(Illuminate\\Session\\Store), Object(Closure))
#20 /home/thethethoughtfactory/Desktop/RMS-2-11-21/vendor/laravel/framework/src/Illuminate/Pipeline/Pipeline.php(167): Illuminate\\Session\\Middleware\\StartSession->handle(Object(Illuminate\\Http\\Request), Object(Closure))
#21 /home/thethethoughtfactory/Desktop/RMS-2-11-21/vendor/laravel/framework/src/Illuminate/Cookie/Middleware/AddQueuedCookiesToResponse.php(37): Illuminate\\Pipeline\\Pipeline->Illuminate\\Pipeline\\{closure}(Object(Illuminate\\Http\\Request))
#22 /home/thethethoughtfactory/Desktop/RMS-2-11-21/vendor/laravel/framework/src/Illuminate/Pipeline/Pipeline.php(167): Illuminate\\Cookie\\Middleware\\AddQueuedCookiesToResponse->handle(Object(Illuminate\\Http\\Request), Object(Closure))
#23 /home/thethethoughtfactory/Desktop/RMS-2-11-21/vendor/laravel/framework/src/Illuminate/Cookie/Middleware/EncryptCookies.php(67): Illuminate\\Pipeline\\Pipeline->Illuminate\\Pipeline\\{closure}(Object(Illuminate\\Http\\Request))
#24 /home/thethethoughtfactory/Desktop/RMS-2-11-21/vendor/laravel/framework/src/Illuminate/Pipeline/Pipeline.php(167): Illuminate\\Cookie\\Middleware\\EncryptCookies->handle(Object(Illuminate\\Http\\Request), Object(Closure))
#25 /home/thethethoughtfactory/Desktop/RMS-2-11-21/vendor/laravel/framework/src/Illuminate/Pipeline/Pipeline.php(103): Illuminate\\Pipeline\\Pipeline->Illuminate\\Pipeline\\{closure}(Object(Illuminate\\Http\\Request))
#26 /home/thethethoughtfactory/Desktop/RMS-2-11-21/vendor/laravel/framework/src/Illuminate/Routing/Router.php(695): Illuminate\\Pipeline\\Pipeline->then(Object(Closure))
#27 /home/thethethoughtfactory/Desktop/RMS-2-11-21/vendor/laravel/framework/src/Illuminate/Routing/Router.php(670): Illuminate\\Routing\\Router->runRouteWithinStack(Object(Illuminate\\Routing\\Route), Object(Illuminate\\Http\\Request))
#28 /home/thethethoughtfactory/Desktop/RMS-2-11-21/vendor/laravel/framework/src/Illuminate/Routing/Router.php(636): Illuminate\\Routing\\Router->runRoute(Object(Illuminate\\Http\\Request), Object(Illuminate\\Routing\\Route))
#29 /home/thethethoughtfactory/Desktop/RMS-2-11-21/vendor/laravel/framework/src/Illuminate/Routing/Router.php(625): Illuminate\\Routing\\Router->dispatchToRoute(Object(Illuminate\\Http\\Request))
#30 /home/thethethoughtfactory/Desktop/RMS-2-11-21/vendor/laravel/framework/src/Illuminate/Foundation/Http/Kernel.php(166): Illuminate\\Routing\\Router->dispatch(Object(Illuminate\\Http\\Request))
#31 /home/thethethoughtfactory/Desktop/RMS-2-11-21/vendor/laravel/framework/src/Illuminate/Pipeline/Pipeline.php(128): Illuminate\\Foundation\\Http\\Kernel->Illuminate\\Foundation\\Http\\{closure}(Object(Illuminate\\Http\\Request))
#32 /home/thethethoughtfactory/Desktop/RMS-2-11-21/app/Http/Middleware/Cors.php(19): Illuminate\\Pipeline\\Pipeline->Illuminate\\Pipeline\\{closure}(Object(Illuminate\\Http\\Request))
#33 /home/thethethoughtfactory/Desktop/RMS-2-11-21/vendor/laravel/framework/src/Illuminate/Pipeline/Pipeline.php(167): App\\Http\\Middleware\\Cors->handle(Object(Illuminate\\Http\\Request), Object(Closure))
#34 /home/thethethoughtfactory/Desktop/RMS-2-11-21/app/Http/Middleware/ForceJsonResponse.php(26): Illuminate\\Pipeline\\Pipeline->Illuminate\\Pipeline\\{closure}(Object(Illuminate\\Http\\Request))
#35 /home/thethethoughtfactory/Desktop/RMS-2-11-21/vendor/laravel/framework/src/Illuminate/Pipeline/Pipeline.php(167): App\\Http\\Middleware\\ForceJsonResponse->handle(Object(Illuminate\\Http\\Request), Object(Closure))
#36 /home/thethethoughtfactory/Desktop/RMS-2-11-21/vendor/fideloper/proxy/src/TrustProxies.php(57): Illuminate\\Pipeline\\Pipeline->Illuminate\\Pipeline\\{closure}(Object(Illuminate\\Http\\Request))
#37 /home/thethethoughtfactory/Desktop/RMS-2-11-21/vendor/laravel/framework/src/Illuminate/Pipeline/Pipeline.php(167): Fideloper\\Proxy\\TrustProxies->handle(Object(Illuminate\\Http\\Request), Object(Closure))
#38 /home/thethethoughtfactory/Desktop/RMS-2-11-21/vendor/laravel/framework/src/Illuminate/Foundation/Http/Middleware/TransformsRequest.php(21): Illuminate\\Pipeline\\Pipeline->Illuminate\\Pipeline\\{closure}(Object(Illuminate\\Http\\Request))
#39 /home/thethethoughtfactory/Desktop/RMS-2-11-21/vendor/laravel/framework/src/Illuminate/Pipeline/Pipeline.php(167): Illuminate\\Foundation\\Http\\Middleware\\TransformsRequest->handle(Object(Illuminate\\Http\\Request), Object(Closure))
#40 /home/thethethoughtfactory/Desktop/RMS-2-11-21/vendor/laravel/framework/src/Illuminate/Foundation/Http/Middleware/TransformsRequest.php(21): Illuminate\\Pipeline\\Pipeline->Illuminate\\Pipeline\\{closure}(Object(Illuminate\\Http\\Request))
#41 /home/thethethoughtfactory/Desktop/RMS-2-11-21/vendor/laravel/framework/src/Illuminate/Pipeline/Pipeline.php(167): Illuminate\\Foundation\\Http\\Middleware\\TransformsRequest->handle(Object(Illuminate\\Http\\Request), Object(Closure))
#42 /home/thethethoughtfactory/Desktop/RMS-2-11-21/vendor/laravel/framework/src/Illuminate/Foundation/Http/Middleware/ValidatePostSize.php(27): Illuminate\\Pipeline\\Pipeline->Illuminate\\Pipeline\\{closure}(Object(Illuminate\\Http\\Request))
#43 /home/thethethoughtfactory/Desktop/RMS-2-11-21/vendor/laravel/framework/src/Illuminate/Pipeline/Pipeline.php(167): Illuminate\\Foundation\\Http\\Middleware\\ValidatePostSize->handle(Object(Illuminate\\Http\\Request), Object(Closure))
#44 /home/thethethoughtfactory/Desktop/RMS-2-11-21/vendor/laravel/framework/src/Illuminate/Foundation/Http/Middleware/PreventRequestsDuringMaintenance.php(86): Illuminate\\Pipeline\\Pipeline->Illuminate\\Pipeline\\{closure}(Object(Illuminate\\Http\\Request))
#45 /home/thethethoughtfactory/Desktop/RMS-2-11-21/vendor/laravel/framework/src/Illuminate/Pipeline/Pipeline.php(167): Illuminate\\Foundation\\Http\\Middleware\\PreventRequestsDuringMaintenance->handle(Object(Illuminate\\Http\\Request), Object(Closure))
#46 /home/thethethoughtfactory/Desktop/RMS-2-11-21/vendor/laravel/framework/src/Illuminate/Pipeline/Pipeline.php(103): Illuminate\\Pipeline\\Pipeline->Illuminate\\Pipeline\\{closure}(Object(Illuminate\\Http\\Request))
#47 /home/thethethoughtfactory/Desktop/RMS-2-11-21/vendor/laravel/framework/src/Illuminate/Foundation/Http/Kernel.php(141): Illuminate\\Pipeline\\Pipeline->then(Object(Closure))
#48 /home/thethethoughtfactory/Desktop/RMS-2-11-21/vendor/laravel/framework/src/Illuminate/Foundation/Http/Kernel.php(110): Illuminate\\Foundation\\Http\\Kernel->sendRequestThroughRouter(Object(Illuminate\\Http\\Request))
#49 /home/thethethoughtfactory/Desktop/RMS-2-11-21/public/index.php(55): Illuminate\\Foundation\\Http\\Kernel->handle(Object(Illuminate\\Http\\Request))
#50 /home/thethethoughtfactory/Desktop/RMS-2-11-21/server.php(21): require_once('/home/thethetho...')
#51 {main}
"} 
[2021-11-22 15:28:23] local.ERROR: syntax error, unexpected ''created_by'' (T_CONSTANT_ENCAPSED_STRING), expecting ')' {"exception":"[object] (ParseError(code: 0): syntax error, unexpected ''created_by'' (T_CONSTANT_ENCAPSED_STRING), expecting ')' at /home/thethethoughtfactory/Desktop/RMS-2-11-21/app/Http/Controllers/OutletController.php:400)
[stacktrace]
#0 /home/thethethoughtfactory/Desktop/RMS-2-11-21/vendor/composer/ClassLoader.php(322): Composer\\Autoload\\includeFile('/home/thethetho...')
#1 [internal function]: Composer\\Autoload\\ClassLoader->loadClass('App\\\\Http\\\\Contro...')
#2 [internal function]: spl_autoload_call('App\\\\Http\\\\Contro...')
#3 /home/thethethoughtfactory/Desktop/RMS-2-11-21/vendor/laravel/framework/src/Illuminate/Container/Container.php(830): ReflectionClass->__construct('App\\\\Http\\\\Contro...')
#4 /home/thethethoughtfactory/Desktop/RMS-2-11-21/vendor/laravel/framework/src/Illuminate/Container/Container.php(712): Illuminate\\Container\\Container->build('App\\\\Http\\\\Contro...')
#5 /home/thethethoughtfactory/Desktop/RMS-2-11-21/vendor/laravel/framework/src/Illuminate/Foundation/Application.php(841): Illuminate\\Container\\Container->resolve('App\\\\Http\\\\Contro...', Array, true)
#6 /home/thethethoughtfactory/Desktop/RMS-2-11-21/vendor/laravel/framework/src/Illuminate/Container/Container.php(651): Illuminate\\Foundation\\Application->resolve('App\\\\Http\\\\Contro...', Array)
#7 /home/thethethoughtfactory/Desktop/RMS-2-11-21/vendor/laravel/framework/src/Illuminate/Foundation/Application.php(826): Illuminate\\Container\\Container->make('App\\\\Http\\\\Contro...', Array)
#8 /home/thethethoughtfactory/Desktop/RMS-2-11-21/vendor/laravel/framework/src/Illuminate/Routing/Route.php(268): Illuminate\\Foundation\\Application->make('App\\\\Http\\\\Contro...')
#9 /home/thethethoughtfactory/Desktop/RMS-2-11-21/vendor/laravel/framework/src/Illuminate/Routing/Route.php(1019): Illuminate\\Routing\\Route->getController()
#10 /home/thethethoughtfactory/Desktop/RMS-2-11-21/vendor/laravel/framework/src/Illuminate/Routing/Route.php(980): Illuminate\\Routing\\Route->controllerMiddleware()
#11 /home/thethethoughtfactory/Desktop/RMS-2-11-21/vendor/laravel/framework/src/Illuminate/Routing/Router.php(710): Illuminate\\Routing\\Route->gatherMiddleware()
#12 /home/thethethoughtfactory/Desktop/RMS-2-11-21/vendor/laravel/framework/src/Illuminate/Routing/Router.php(686): Illuminate\\Routing\\Router->gatherRouteMiddleware(Object(Illuminate\\Routing\\Route))
#13 /home/thethethoughtfactory/Desktop/RMS-2-11-21/vendor/laravel/framework/src/Illuminate/Routing/Router.php(670): Illuminate\\Routing\\Router->runRouteWithinStack(Object(Illuminate\\Routing\\Route), Object(Illuminate\\Http\\Request))
#14 /home/thethethoughtfactory/Desktop/RMS-2-11-21/vendor/laravel/framework/src/Illuminate/Routing/Router.php(636): Illuminate\\Routing\\Router->runRoute(Object(Illuminate\\Http\\Request), Object(Illuminate\\Routing\\Route))
#15 /home/thethethoughtfactory/Desktop/RMS-2-11-21/vendor/laravel/framework/src/Illuminate/Routing/Router.php(625): Illuminate\\Routing\\Router->dispatchToRoute(Object(Illuminate\\Http\\Request))
#16 /home/thethethoughtfactory/Desktop/RMS-2-11-21/vendor/laravel/framework/src/Illuminate/Foundation/Http/Kernel.php(166): Illuminate\\Routing\\Router->dispatch(Object(Illuminate\\Http\\Request))
#17 /home/thethethoughtfactory/Desktop/RMS-2-11-21/vendor/laravel/framework/src/Illuminate/Pipeline/Pipeline.php(128): Illuminate\\Foundation\\Http\\Kernel->Illuminate\\Foundation\\Http\\{closure}(Object(Illuminate\\Http\\Request))
#18 /home/thethethoughtfactory/Desktop/RMS-2-11-21/app/Http/Middleware/Cors.php(19): Illuminate\\Pipeline\\Pipeline->Illuminate\\Pipeline\\{closure}(Object(Illuminate\\Http\\Request))
#19 /home/thethethoughtfactory/Desktop/RMS-2-11-21/vendor/laravel/framework/src/Illuminate/Pipeline/Pipeline.php(167): App\\Http\\Middleware\\Cors->handle(Object(Illuminate\\Http\\Request), Object(Closure))
#20 /home/thethethoughtfactory/Desktop/RMS-2-11-21/app/Http/Middleware/ForceJsonResponse.php(26): Illuminate\\Pipeline\\Pipeline->Illuminate\\Pipeline\\{closure}(Object(Illuminate\\Http\\Request))
#21 /home/thethethoughtfactory/Desktop/RMS-2-11-21/vendor/laravel/framework/src/Illuminate/Pipeline/Pipeline.php(167): App\\Http\\Middleware\\ForceJsonResponse->handle(Object(Illuminate\\Http\\Request), Object(Closure))
#22 /home/thethethoughtfactory/Desktop/RMS-2-11-21/vendor/fideloper/proxy/src/TrustProxies.php(57): Illuminate\\Pipeline\\Pipeline->Illuminate\\Pipeline\\{closure}(Object(Illuminate\\Http\\Request))
#23 /home/thethethoughtfactory/Desktop/RMS-2-11-21/vendor/laravel/framework/src/Illuminate/Pipeline/Pipeline.php(167): Fideloper\\Proxy\\TrustProxies->handle(Object(Illuminate\\Http\\Request), Object(Closure))
#24 /home/thethethoughtfactory/Desktop/RMS-2-11-21/vendor/laravel/framework/src/Illuminate/Foundation/Http/Middleware/TransformsRequest.php(21): Illuminate\\Pipeline\\Pipeline->Illuminate\\Pipeline\\{closure}(Object(Illuminate\\Http\\Request))
#25 /home/thethethoughtfactory/Desktop/RMS-2-11-21/vendor/laravel/framework/src/Illuminate/Pipeline/Pipeline.php(167): Illuminate\\Foundation\\Http\\Middleware\\TransformsRequest->handle(Object(Illuminate\\Http\\Request), Object(Closure))
#26 /home/thethethoughtfactory/Desktop/RMS-2-11-21/vendor/laravel/framework/src/Illuminate/Foundation/Http/Middleware/TransformsRequest.php(21): Illuminate\\Pipeline\\Pipeline->Illuminate\\Pipeline\\{closure}(Object(Illuminate\\Http\\Request))
#27 /home/thethethoughtfactory/Desktop/RMS-2-11-21/vendor/laravel/framework/src/Illuminate/Pipeline/Pipeline.php(167): Illuminate\\Foundation\\Http\\Middleware\\TransformsRequest->handle(Object(Illuminate\\Http\\Request), Object(Closure))
#28 /home/thethethoughtfactory/Desktop/RMS-2-11-21/vendor/laravel/framework/src/Illuminate/Foundation/Http/Middleware/ValidatePostSize.php(27): Illuminate\\Pipeline\\Pipeline->Illuminate\\Pipeline\\{closure}(Object(Illuminate\\Http\\Request))
#29 /home/thethethoughtfactory/Desktop/RMS-2-11-21/vendor/laravel/framework/src/Illuminate/Pipeline/Pipeline.php(167): Illuminate\\Foundation\\Http\\Middleware\\ValidatePostSize->handle(Object(Illuminate\\Http\\Request), Object(Closure))
#30 /home/thethethoughtfactory/Desktop/RMS-2-11-21/vendor/laravel/framework/src/Illuminate/Foundation/Http/Middleware/PreventRequestsDuringMaintenance.php(86): Illuminate\\Pipeline\\Pipeline->Illuminate\\Pipeline\\{closure}(Object(Illuminate\\Http\\Request))
#31 /home/thethethoughtfactory/Desktop/RMS-2-11-21/vendor/laravel/framework/src/Illuminate/Pipeline/Pipeline.php(167): Illuminate\\Foundation\\Http\\Middleware\\PreventRequestsDuringMaintenance->handle(Object(Illuminate\\Http\\Request), Object(Closure))
#32 /home/thethethoughtfactory/Desktop/RMS-2-11-21/vendor/laravel/framework/src/Illuminate/Pipeline/Pipeline.php(103): Illuminate\\Pipeline\\Pipeline->Illuminate\\Pipeline\\{closure}(Object(Illuminate\\Http\\Request))
#33 /home/thethethoughtfactory/Desktop/RMS-2-11-21/vendor/laravel/framework/src/Illuminate/Foundation/Http/Kernel.php(141): Illuminate\\Pipeline\\Pipeline->then(Object(Closure))
#34 /home/thethethoughtfactory/Desktop/RMS-2-11-21/vendor/laravel/framework/src/Illuminate/Foundation/Http/Kernel.php(110): Illuminate\\Foundation\\Http\\Kernel->sendRequestThroughRouter(Object(Illuminate\\Http\\Request))
#35 /home/thethethoughtfactory/Desktop/RMS-2-11-21/public/index.php(55): Illuminate\\Foundation\\Http\\Kernel->handle(Object(Illuminate\\Http\\Request))
#36 /home/thethethoughtfactory/Desktop/RMS-2-11-21/server.php(21): require_once('/home/thethetho...')
#37 {main}
"} 
